<?xml version="1.0" encoding="UTF-8"?>
<testng-results skipped="0" failed="0" total="1" passed="1">
  <reporter-output>
  </reporter-output>
  <suite name="Testng Cucumber Suite" duration-ms="6156" started-at="2019-06-16T23:02:45Z" finished-at="2019-06-16T23:02:51Z">
    <groups>
      <group name="cucumber">
        <method signature="AbstractTestNGCucumberTests.feature(cucumber.api.testng.CucumberFeatureWrapper)[pri:0, instance:main.CucumberRunner@64bfbc86]" name="feature" class="cucumber.api.testng.AbstractTestNGCucumberTests"/>
      </group> <!-- cucumber -->
    </groups>
    <test name="Run All Tests" duration-ms="6156" started-at="2019-06-16T23:02:45Z" finished-at="2019-06-16T23:02:51Z">
      <class name="main.CucumberRunner">
        <test-method status="PASS" signature="setUp()[pri:0, instance:main.CucumberRunner@64bfbc86]" name="setUp" is-config="true" duration-ms="2904" started-at="2019-06-17T00:02:42Z" finished-at="2019-06-17T00:02:45Z">
          <reporter-output>
          </reporter-output>
        </test-method> <!-- setUp -->
        <test-method status="PASS" signature="setUpClass()[pri:0, instance:main.CucumberRunner@64bfbc86]" name="setUpClass" is-config="true" duration-ms="186" started-at="2019-06-17T00:02:45Z" finished-at="2019-06-17T00:02:45Z">
          <reporter-output>
          </reporter-output>
        </test-method> <!-- setUpClass -->
        <test-method status="PASS" signature="feature(cucumber.api.testng.CucumberFeatureWrapper)[pri:0, instance:main.CucumberRunner@64bfbc86]" name="feature" duration-ms="3160" started-at="2019-06-17T00:02:45Z" description="Runs Cucumber Feature" data-provider="features" finished-at="2019-06-17T00:02:48Z">
          <params>
            <param index="0">
              <value>
                <![CDATA[To search testng in google]]>
              </value>
            </param>
          </params>
          <reporter-output>
          </reporter-output>
        </test-method> <!-- feature -->
        <test-method status="PASS" signature="tearDownr(org.testng.ITestResult)[pri:0, instance:main.CucumberRunner@64bfbc86]" name="tearDownr" is-config="true" duration-ms="1394" started-at="2019-06-17T00:02:48Z" finished-at="2019-06-17T00:02:49Z">
          <params>
            <param index="0">
              <value>
                <![CDATA[[TestResult name=feature status=SUCCESS method=AbstractTestNGCucumberTests.feature(cucumber.api.testng.CucumberFeatureWrapper)[pri:0, instance:main.CucumberRunner@64bfbc86] output={null}]]]>
              </value>
            </param>
          </params>
          <reporter-output>
          </reporter-output>
        </test-method> <!-- tearDownr -->
        <test-method status="PASS" signature="takeScreenshot()[pri:0, instance:main.CucumberRunner@64bfbc86]" name="takeScreenshot" is-config="true" duration-ms="1322" started-at="2019-06-17T00:02:49Z" finished-at="2019-06-17T00:02:51Z">
          <reporter-output>
          </reporter-output>
        </test-method> <!-- takeScreenshot -->
        <test-method status="PASS" signature="tearDownClass()[pri:0, instance:main.CucumberRunner@64bfbc86]" name="tearDownClass" is-config="true" duration-ms="7" started-at="2019-06-17T00:02:51Z" finished-at="2019-06-17T00:02:51Z">
          <reporter-output>
          </reporter-output>
        </test-method> <!-- tearDownClass -->
        <test-method status="PASS" signature="generateHTMLReports()[pri:0, instance:main.CucumberRunner@64bfbc86]" name="generateHTMLReports" is-config="true" duration-ms="600" started-at="2019-06-17T00:02:51Z" finished-at="2019-06-17T00:02:51Z">
          <reporter-output>
          </reporter-output>
        </test-method> <!-- generateHTMLReports -->
        <test-method status="PASS" signature="quit()[pri:0, instance:main.CucumberRunner@64bfbc86]" name="quit" is-config="true" duration-ms="136" started-at="2019-06-17T00:02:51Z" finished-at="2019-06-17T00:02:51Z">
          <reporter-output>
          </reporter-output>
        </test-method> <!-- quit -->
      </class> <!-- main.CucumberRunner -->
    </test> <!-- Run All Tests -->
  </suite> <!-- Testng Cucumber Suite -->
</testng-results>
